<?xml version="1.0" encoding="utf-8"?><testsuites name="pytest tests"><testsuite name="pytest" errors="0" failures="0" skipped="0" tests="23" time="4.270" timestamp="2026-05-05T04:36:00.931906+00:00" hostname="agent-env-36b27f0a-5c9f-46c7-8498-aebaf407aba8"><testcase classname="backend.tests.backend_test" name="test_health" time="0.284" /><testcase classname="backend.tests.backend_test.TestGadgets" name="test_list_all" time="0.057" /><testcase classname="backend.tests.backend_test.TestGadgets" name="test_meta" time="0.053" /><testcase classname="backend.tests.backend_test.TestGadgets" name="test_filter_category" time="0.051" /><testcase classname="backend.tests.backend_test.TestGadgets" name="test_filter_brand" time="0.054" /><testcase classname="backend.tests.backend_test.TestGadgets" name="test_filter_price" time="0.052" /><testcase classname="backend.tests.backend_test.TestGadgets" name="test_search_q" time="0.050" /><testcase classname="backend.tests.backend_test.TestGadgets" name="test_sort_price_asc" time="0.051" /><testcase classname="backend.tests.backend_test.TestGadgets" name="test_sort_price_desc" time="0.050" /><testcase classname="backend.tests.backend_test.TestGadgets" name="test_get_single" time="0.104" /><testcase classname="backend.tests.backend_test.TestGadgets" name="test_get_404" time="0.050" /><testcase classname="backend.tests.backend_test.TestGadgets" name="test_compare_ok" time="0.102" /><testcase classname="backend.tests.backend_test.TestGadgets" name="test_compare_max_4" time="0.098" /><testcase classname="backend.tests.backend_test.TestAuth" name="test_register_login_me" time="0.663" /><testcase classname="backend.tests.backend_test.TestAuth" name="test_register_duplicate" time="0.049" /><testcase classname="backend.tests.backend_test.TestAuth" name="test_login_wrong_password" time="0.282" /><testcase classname="backend.tests.backend_test.TestAuth" name="test_me_no_token" time="0.163" /><testcase classname="backend.tests.backend_test.TestAuth" name="test_admin_login" time="0.414" /><testcase classname="backend.tests.backend_test.TestAuth" name="test_logout" time="0.050" /><testcase classname="backend.tests.backend_test.TestAuth" name="test_bcrypt_hash_format" time="0.000" /><testcase classname="backend.tests.backend_test.TestWishlist" name="test_requires_auth" time="0.578" /><testcase classname="backend.tests.backend_test.TestWishlist" name="test_add_get_remove" time="0.602" /><testcase classname="backend.tests.backend_test.TestWishlist" name="test_add_invalid_gadget" time="0.142" /></testsuite></testsuites>